<?xml version="1.0" encoding="UTF-8"?>
<testsuite name="com.example.duckduckgoose.EventModelUnitTest" tests="3" skipped="0" failures="0" errors="0" timestamp="2025-12-01T04:25:49.034Z" hostname="fedora" time="0.001">
  <properties/>
  <testcase name="testAcceptFromWaitlistUpdatesLists" classname="com.example.duckduckgoose.EventModelUnitTest" time="0.0"/>
  <testcase name="testRegisteredUsersCount" classname="com.example.duckduckgoose.EventModelUnitTest" time="0.001"/>
  <testcase name="testWaitingListAddRemove" classname="com.example.duckduckgoose.EventModelUnitTest" time="0.0"/>
  <system-out><![CDATA[]]></system-out>
  <system-err><![CDATA[]]></system-err>
</testsuite>
