<?xml version="1.0" encoding="UTF-8"?>
<testsuite name="com.example.duckduckgoose.WaitlistEntryUnitTest" tests="2" skipped="0" failures="0" errors="0" timestamp="2025-12-01T04:25:49.167Z" hostname="fedora" time="0.014">
  <properties/>
  <testcase name="testDefaultConstructorSetsWaiting" classname="com.example.duckduckgoose.WaitlistEntryUnitTest" time="0.012"/>
  <testcase name="testLatLonConstructor" classname="com.example.duckduckgoose.WaitlistEntryUnitTest" time="0.001"/>
  <system-out><![CDATA[]]></system-out>
  <system-err><![CDATA[]]></system-err>
</testsuite>
